Unity Editor version:    2022.3.21f1 (bf09ca542b87)
Branch:                  2022.3/staging
Build type:              Release
Batch mode:              YES
macOS version:           Version 14.0 (Build 23A344)
Darwin version:          23.0.0
Architecture:            arm64
Running under Rosetta:   NO
Available memory:        8192 MB
Using pre-set license
Pro License: YES

COMMAND LINE ARGUMENTS:
/Applications/Unity/Hub/Editor/2022.3.21f1/Unity.app/Contents/MacOS/Unity
-adb2
-batchMode
-noUpm
-name
AssetImportWorker0
-projectPath
/Users/evadina/Projects/Povos-Originarios/Povos Origina패rios
-logFile
Logs/AssetImportWorker0.log
-srvPort
60376
Successfully changed project path to: /Users/evadina/Projects/Povos-Originarios/Povos Origina패rios
/Users/evadina/Projects/Povos-Originarios/Povos Origin치rios
[UnityMemory] Configuration Parameters - Can be set up in boot.config
    "memorysetup-bucket-allocator-granularity=16"
    "memorysetup-bucket-allocator-bucket-count=8"
    "memorysetup-bucket-allocator-block-size=33554432"
    "memorysetup-bucket-allocator-block-count=8"
    "memorysetup-main-allocator-block-size=16777216"
    "memorysetup-thread-allocator-block-size=16777216"
    "memorysetup-gfx-main-allocator-block-size=16777216"
    "memorysetup-gfx-thread-allocator-block-size=16777216"
    "memorysetup-cache-allocator-block-size=4194304"
    "memorysetup-typetree-allocator-block-size=2097152"
    "memorysetup-profiler-bucket-allocator-granularity=16"
    "memorysetup-profiler-bucket-allocator-bucket-count=8"
    "memorysetup-profiler-bucket-allocator-block-size=33554432"
    "memorysetup-profiler-bucket-allocator-block-count=8"
    "memorysetup-profiler-allocator-block-size=16777216"
    "memorysetup-profiler-editor-allocator-block-size=1048576"
    "memorysetup-temp-allocator-size-main=16777216"
    "memorysetup-job-temp-allocator-block-size=2097152"
    "memorysetup-job-temp-allocator-block-size-background=1048576"
    "memorysetup-job-temp-allocator-reduction-small-platforms=262144"
    "memorysetup-allocator-temp-initial-block-size-main=262144"
    "memorysetup-allocator-temp-initial-block-size-worker=262144"
    "memorysetup-temp-allocator-size-background-worker=32768"
    "memorysetup-temp-allocator-size-job-worker=262144"
    "memorysetup-temp-allocator-size-preload-manager=33554432"
    "memorysetup-temp-allocator-size-nav-mesh-worker=65536"
    "memorysetup-temp-allocator-size-audio-worker=65536"
    "memorysetup-temp-allocator-size-cloud-worker=32768"
    "memorysetup-temp-allocator-size-gi-baking-worker=262144"
    "memorysetup-temp-allocator-size-gfx=262144"
Player connection [8066814720] Host "[IP] 192.168.1.100 [Port] 0 [Flags] 2 [Guid] 3400030852 [EditorId] 3400030852 [Version] 1048832 [Id] OSXEditor(0,MacBook-Air-de-Eva-2.local) [Debug] 1 [PackageName] OSXEditor [ProjectName] Editor" joined multi-casting on [225.0.0.222:54997]...

Player connection [8066814720] Host "[IP] 192.168.1.100 [Port] 0 [Flags] 2 [Guid] 3400030852 [EditorId] 3400030852 [Version] 1048832 [Id] OSXEditor(0,MacBook-Air-de-Eva-2.local) [Debug] 1 [PackageName] OSXEditor [ProjectName] Editor" joined alternative multi-casting on [225.0.0.222:34997]...

[Physics::Module] Initialized MultithreadedJobDispatcher with 7 workers.
Refreshing native plugins compatible for Editor in 11.85 ms, found 2 plugins.
Preloading 0 native plugins for Editor in 0.00 ms.
Initialize engine version: 2022.3.21f1 (bf09ca542b87)
[Subsystems] Discovering subsystems at path /Applications/Unity/Hub/Editor/2022.3.21f1/Unity.app/Contents/Resources/UnitySubsystems
[Subsystems] Discovering subsystems at path /Users/evadina/Projects/Povos-Originarios/Povos Origin치rios/Assets
GfxDevice: creating device client; threaded=0; jobified=0
 preferred device: Apple M1 (high power)
Metal devices available: 1
0: Apple M1 (high power)
Using device Apple M1 (high power)
Initializing Metal device caps: Apple M1
Initialize mono
Mono path[0] = '/Applications/Unity/Hub/Editor/2022.3.21f1/Unity.app/Contents/Managed'
Mono path[1] = '/Applications/Unity/Hub/Editor/2022.3.21f1/Unity.app/Contents/MonoBleedingEdge/lib/mono/unityjit-macos'
Mono config path = '/Applications/Unity/Hub/Editor/2022.3.21f1/Unity.app/Contents/MonoBleedingEdge/etc'
Using monoOptions --debugger-agent=transport=dt_socket,embedding=1,server=y,suspend=n,address=127.0.0.1:56045
Begin MonoManager ReloadAssembly
Registering precompiled unity dll's ...
Register platform support module: /Applications/Unity/Hub/Editor/2022.3.21f1/PlaybackEngines/WebGLSupport/UnityEditor.WebGL.Extensions.dll
Register platform support module: /Applications/Unity/Hub/Editor/2022.3.21f1/Unity.app/Contents/PlaybackEngines/MacStandaloneSupport/UnityEditor.OSXStandalone.Extensions.dll
Register platform support module: /Applications/Unity/Hub/Editor/2022.3.21f1/PlaybackEngines/AndroidPlayer/UnityEditor.Android.Extensions.dll
Register platform support module: /Applications/Unity/Hub/Editor/2022.3.21f1/PlaybackEngines/iOSSupport/UnityEditor.iOS.Extensions.dll
Register platform support module: /Applications/Unity/Hub/Editor/2022.3.21f1/PlaybackEngines/WindowsStandaloneSupport/UnityEditor.WindowsStandalone.Extensions.dll
Registered in 0.008559 seconds.
- Loaded All Assemblies, in  0.399 seconds
Native extension for WindowsStandalone target not found
[usbmuxd] Start listen thread
[usbmuxd] Listen thread started
[usbmuxd] Send listen message
Native extension for iOS target not found
Native extension for Android target not found
Android Extension - Scanning For ADB Devices 427 ms
Native extension for OSXStandalone target not found
Native extension for WebGL target not found
Mono: successfully reloaded assembly
- Finished resetting the current domain, in  0.896 seconds
Domain Reload Profiling: 1296ms
	BeginReloadAssembly (117ms)
		ExecutionOrderSort (0ms)
		DisableScriptedObjects (0ms)
		BackupInstance (0ms)
		ReleaseScriptingObjects (0ms)
		CreateAndSetChildDomain (1ms)
	RebuildCommonClasses (37ms)
	RebuildNativeTypeToScriptingClass (13ms)
	initialDomainReloadingComplete (55ms)
	LoadAllAssembliesAndSetupDomain (177ms)
		LoadAssemblies (117ms)
		RebuildTransferFunctionScriptingTraits (0ms)
		AnalyzeDomain (171ms)
			TypeCache.Refresh (170ms)
				TypeCache.ScanAssembly (147ms)
			ScanForSourceGeneratedMonoScriptInfo (0ms)
			ResolveRequiredComponents (0ms)
	FinalizeReload (897ms)
		ReleaseScriptCaches (0ms)
		RebuildScriptCaches (0ms)
		SetupLoadedEditorAssemblies (834ms)
			LogAssemblyErrors (0ms)
			InitializePlatformSupportModulesInManaged (679ms)
			SetLoadedEditorAssemblies (4ms)
			RefreshPlugins (0ms)
			BeforeProcessingInitializeOnLoad (2ms)
			ProcessInitializeOnLoadAttributes (95ms)
			ProcessInitializeOnLoadMethodAttributes (55ms)
			AfterProcessingInitializeOnLoad (0ms)
			EditorAssembliesLoaded (0ms)
		ExecutionOrderSort2 (0ms)
		AwakeInstancesAfterBackupRestoration (0ms)
========================================================================
Worker process is ready to serve import requests
Begin MonoManager ReloadAssembly
- Loaded All Assemblies, in  1.016 seconds
Refreshing native plugins compatible for Editor in 1.78 ms, found 2 plugins.
Native extension for WindowsStandalone target not found
Native extension for iOS target not found
Native extension for Android target not found
Native extension for OSXStandalone target not found
Native extension for WebGL target not found
Mono: successfully reloaded assembly
- Finished resetting the current domain, in  0.824 seconds
Domain Reload Profiling: 1845ms
	BeginReloadAssembly (126ms)
		ExecutionOrderSort (0ms)
		DisableScriptedObjects (4ms)
		BackupInstance (0ms)
		ReleaseScriptingObjects (0ms)
		CreateAndSetChildDomain (35ms)
	RebuildCommonClasses (40ms)
	RebuildNativeTypeToScriptingClass (16ms)
	initialDomainReloadingComplete (48ms)
	LoadAllAssembliesAndSetupDomain (791ms)
		LoadAssemblies (414ms)
		RebuildTransferFunctionScriptingTraits (0ms)
		AnalyzeDomain (413ms)
			TypeCache.Refresh (387ms)
				TypeCache.ScanAssembly (345ms)
			ScanForSourceGeneratedMonoScriptInfo (19ms)
			ResolveRequiredComponents (6ms)
	FinalizeReload (825ms)
		ReleaseScriptCaches (0ms)
		RebuildScriptCaches (0ms)
		SetupLoadedEditorAssemblies (542ms)
			LogAssemblyErrors (0ms)
			InitializePlatformSupportModulesInManaged (46ms)
			SetLoadedEditorAssemblies (6ms)
			RefreshPlugins (0ms)
			BeforeProcessingInitializeOnLoad (70ms)
			ProcessInitializeOnLoadAttributes (398ms)
			ProcessInitializeOnLoadMethodAttributes (21ms)
			AfterProcessingInitializeOnLoad (1ms)
			EditorAssembliesLoaded (0ms)
		ExecutionOrderSort2 (0ms)
		AwakeInstancesAfterBackupRestoration (4ms)
Launching external process: /Applications/Unity/Hub/Editor/2022.3.21f1/Unity.app/Contents/Tools/UnityShaderCompiler
Launched and connected shader compiler UnityShaderCompiler after 0.20 seconds
Refreshing native plugins compatible for Editor in 1.89 ms, found 2 plugins.
Preloading 0 native plugins for Editor in 0.00 ms.
Unloading 3186 Unused Serialized files (Serialized files now loaded: 0)
Unloading 54 unused Assets / (1.2 MB). Loaded Objects now: 3637.
Memory consumption went from 143.4 MB to 142.2 MB.
Total: 13.402917 ms (FindLiveObjects: 0.327458 ms CreateObjectMapping: 0.087042 ms MarkObjects: 11.387625 ms  DeleteObjects: 1.598542 ms)

AssetImportParameters requested are different than current active one (requested -> active):
  custom:container-demuxer-ogg: 62fdf1f143b41e24485cea50d1cbac27 -> 
  custom:video-decoder-ogg-theora: a1e56fd34408186e4bbccfd4996cb3dc -> 
  custom:CustomObjectIndexerAttribute: 9a22284fe3817be447336de3de66b15e -> 
  custom:container-demuxer-webm: 4f35f7cbe854078d1ac9338744f61a02 -> 
  custom:container-muxer-webm: aa71ff27fc2769a1b78a27578f13a17b -> 
  custom:video-decoder-webm-vp8: 9c59270c3fd7afecdb556c50c9e8de78 -> 
  custom:SearchIndexIgnoredProperties: e643bd26f0fe6173181afceb89e7c659 -> 
  custom:AudioImporter_EditorPlatform: 3918e3fc78b5a79bad01e8451be0beb8 -> 
  custom:framework-osx-AVFoundation: e770b220cccbd017edd2c1fefb359320 -> 
  custom:video-encoder-webm-vp8: eb34c28f22e8b96e1ab97ce403110664 -> 
  custom:audio-decoder-ogg-vorbis: bf7c407c2cedff20999df2af8eb42d56 -> 
  custom:audio-encoder-webm-vorbis: bf7c407c2cedff20999df2af8eb42d56 -> 
========================================================================
Received Import Request.
  Time since last request: 66091.876102 seconds.
  path: Assets/AHProxy/PlanetShader/DemoScene/Textures/Skybox/DemoSceneSkybox_up.png
  artifactKey: Guid(9d407d9fcb7308640ac7e7b7f41a9c37) Importer(815301076,1909f56bfc062723c751e8b465ee728b)
Start importing Assets/AHProxy/PlanetShader/DemoScene/Textures/Skybox/DemoSceneSkybox_up.png using Guid(9d407d9fcb7308640ac7e7b7f41a9c37) Importer(815301076,1909f56bfc062723c751e8b465ee728b)  -> (artifact id: '7b430eca0d6d4c0df77fb80f874885d6') in 0.103399 seconds
Number of updated asset objects reloaded before import = 0
Number of asset objects unloaded after import = 2
========================================================================
Received Import Request.
  Time since last request: 0.000080 seconds.
  path: Assets/AHProxy/PlanetShader/DemoScene/Standard Assets/Effects/ImageEffects/Textures/MotionBlurJitter.png
  artifactKey: Guid(31f5a8611c4ed1245b18456206e798dc) Importer(815301076,1909f56bfc062723c751e8b465ee728b)
Start importing Assets/AHProxy/PlanetShader/DemoScene/Standard Assets/Effects/ImageEffects/Textures/MotionBlurJitter.png using Guid(31f5a8611c4ed1245b18456206e798dc) Importer(815301076,1909f56bfc062723c751e8b465ee728b)  -> (artifact id: 'd502966cb9828f50d332ebf26fa9a7e7') in 0.012727 seconds
Number of updated asset objects reloaded before import = 0
Number of asset objects unloaded after import = 2
========================================================================
Received Import Request.
  Time since last request: 0.000772 seconds.
  path: Assets/AHProxy/PlanetShader/DemoScene/Standard Assets/Effects/ImageEffects/Textures/NoiseEffectScratch.png
  artifactKey: Guid(6205c27cc031f4e66b8ea90d1bfaa158) Importer(815301076,1909f56bfc062723c751e8b465ee728b)
Start importing Assets/AHProxy/PlanetShader/DemoScene/Standard Assets/Effects/ImageEffects/Textures/NoiseEffectScratch.png using Guid(6205c27cc031f4e66b8ea90d1bfaa158) Importer(815301076,1909f56bfc062723c751e8b465ee728b)  -> (artifact id: '8120cb53e4181f5b0111041b1b69ffbc') in 0.008037 seconds
Number of updated asset objects reloaded before import = 0
Number of asset objects unloaded after import = 2
========================================================================
Received Import Request.
  Time since last request: 0.000193 seconds.
  path: Assets/AHProxy/PlanetShader/DemoScene/Textures/Skybox/DemoSceneSkybox_front.png
  artifactKey: Guid(ba65c1da5ab35934aa98af3fc494252c) Importer(815301076,1909f56bfc062723c751e8b465ee728b)
Start importing Assets/AHProxy/PlanetShader/DemoScene/Textures/Skybox/DemoSceneSkybox_front.png using Guid(ba65c1da5ab35934aa98af3fc494252c) Importer(815301076,1909f56bfc062723c751e8b465ee728b)  -> (artifact id: '2da294aecaa51deb07421b7af141ebc2') in 0.009292 seconds
Number of updated asset objects reloaded before import = 0
Number of asset objects unloaded after import = 2
========================================================================
Received Import Request.
  Time since last request: 0.000206 seconds.
  path: Assets/AHProxy/PlanetShader/DemoScene/Standard Assets/Effects/ImageEffects/Textures/NoiseEffectGrain.png
  artifactKey: Guid(ffa9c02760c2b4e8eb9814ec06c4b05b) Importer(815301076,1909f56bfc062723c751e8b465ee728b)
Start importing Assets/AHProxy/PlanetShader/DemoScene/Standard Assets/Effects/ImageEffects/Textures/NoiseEffectGrain.png using Guid(ffa9c02760c2b4e8eb9814ec06c4b05b) Importer(815301076,1909f56bfc062723c751e8b465ee728b)  -> (artifact id: '150ed2d39e25f94b75511cd898990d73') in 0.007339 seconds
Number of updated asset objects reloaded before import = 0
Number of asset objects unloaded after import = 2
========================================================================
Received Import Request.
  Time since last request: 0.000608 seconds.
  path: Assets/AHProxy/PlanetShader/DemoScene/Textures/Neptune/2k_neptune.png
  artifactKey: Guid(f5e49d81e37831042b1830c7ea4443f1) Importer(815301076,1909f56bfc062723c751e8b465ee728b)
Start importing Assets/AHProxy/PlanetShader/DemoScene/Textures/Neptune/2k_neptune.png using Guid(f5e49d81e37831042b1830c7ea4443f1) Importer(815301076,1909f56bfc062723c751e8b465ee728b)  -> (artifact id: '96dc5e57d8247b8c05d4176c93a83ae1') in 0.007606 seconds
Number of updated asset objects reloaded before import = 0
Number of asset objects unloaded after import = 2
========================================================================
Received Import Request.
  Time since last request: 0.000151 seconds.
  path: Assets/AHProxy/PlanetShader/DemoScene/Standard Assets/Effects/ImageEffects/Textures/ContrastEnhanced3D16.png
  artifactKey: Guid(ecd9a2c463dcb476891e43d7c9f16ffa) Importer(815301076,1909f56bfc062723c751e8b465ee728b)
Start importing Assets/AHProxy/PlanetShader/DemoScene/Standard Assets/Effects/ImageEffects/Textures/ContrastEnhanced3D16.png using Guid(ecd9a2c463dcb476891e43d7c9f16ffa) Importer(815301076,1909f56bfc062723c751e8b465ee728b)  -> (artifact id: '3812f96535ad4e3fbd147151196b3522') in 0.005723 seconds
Number of updated asset objects reloaded before import = 0
Number of asset objects unloaded after import = 2
========================================================================
Received Import Request.
  Time since last request: 0.000158 seconds.
  path: Assets/AHProxy/PlanetShader/DemoScene/Textures/Skybox/DemoSceneSkybox_right.png
  artifactKey: Guid(e2b163664e0e2104db8eb10718fd973d) Importer(815301076,1909f56bfc062723c751e8b465ee728b)
Start importing Assets/AHProxy/PlanetShader/DemoScene/Textures/Skybox/DemoSceneSkybox_right.png using Guid(e2b163664e0e2104db8eb10718fd973d) Importer(815301076,1909f56bfc062723c751e8b465ee728b)  -> (artifact id: 'a5bebd300914635a846158c47c5d2fe3') in 0.008486 seconds
Number of updated asset objects reloaded before import = 0
Number of asset objects unloaded after import = 2
========================================================================
Received Import Request.
  Time since last request: 0.000093 seconds.
  path: Assets/AHProxy/PlanetShader/DemoScene/Textures/Mars/4k_mars.png
  artifactKey: Guid(f5a5135fd2ea45648aaca7d609f39789) Importer(815301076,1909f56bfc062723c751e8b465ee728b)
Start importing Assets/AHProxy/PlanetShader/DemoScene/Textures/Mars/4k_mars.png using Guid(f5a5135fd2ea45648aaca7d609f39789) Importer(815301076,1909f56bfc062723c751e8b465ee728b)  -> (artifact id: '9a37d7e1c20d6a0dc724d972a170a793') in 0.019911 seconds
Number of updated asset objects reloaded before import = 0
Number of asset objects unloaded after import = 2
========================================================================
Received Import Request.
  Time since last request: 0.000303 seconds.
  path: Assets/AHProxy/PlanetShader/DemoScene/Standard Assets/Effects/ImageEffects/Textures/SphereShape.psd
  artifactKey: Guid(fc00ec05a89da4ff695a4273715cd5ce) Importer(815301076,1909f56bfc062723c751e8b465ee728b)
Start importing Assets/AHProxy/PlanetShader/DemoScene/Standard Assets/Effects/ImageEffects/Textures/SphereShape.psd using Guid(fc00ec05a89da4ff695a4273715cd5ce) Importer(815301076,1909f56bfc062723c751e8b465ee728b)  -> (artifact id: '674b6390ed27f96289ffb1c5a19067f2') in 0.007479 seconds
Number of updated asset objects reloaded before import = 0
Number of asset objects unloaded after import = 2
========================================================================
Received Import Request.
  Time since last request: 0.000292 seconds.
  path: Assets/AHProxy/PlanetShader/DemoScene/Standard Assets/Effects/ImageEffects/Textures/color correction ramp.png
  artifactKey: Guid(d440902fad11e807d00044888d76c639) Importer(815301076,1909f56bfc062723c751e8b465ee728b)
Start importing Assets/AHProxy/PlanetShader/DemoScene/Standard Assets/Effects/ImageEffects/Textures/color correction ramp.png using Guid(d440902fad11e807d00044888d76c639) Importer(815301076,1909f56bfc062723c751e8b465ee728b)  -> (artifact id: '4aeaa303210305545105999f21ad4f56') in 0.004936 seconds
Number of updated asset objects reloaded before import = 0
Number of asset objects unloaded after import = 2
========================================================================
Received Import Request.
  Time since last request: 0.000308 seconds.
  path: Assets/AHProxy/PlanetShader/DemoScene/Standard Assets/Effects/ImageEffects/Textures/grayscale ramp.png
  artifactKey: Guid(e9a9781cad112c75d0008dfa8d76c639) Importer(815301076,1909f56bfc062723c751e8b465ee728b)
Start importing Assets/AHProxy/PlanetShader/DemoScene/Standard Assets/Effects/ImageEffects/Textures/grayscale ramp.png using Guid(e9a9781cad112c75d0008dfa8d76c639) Importer(815301076,1909f56bfc062723c751e8b465ee728b)  -> (artifact id: 'cd7e3bb60dd7adf6f8acd36f9e3bd561') in 0.004351 seconds
Number of updated asset objects reloaded before import = 0
Number of asset objects unloaded after import = 2
========================================================================
Received Import Request.
  Time since last request: 0.000201 seconds.
  path: Assets/AHProxy/PlanetShader/DemoScene/Textures/Saturn/4k_saturn.png
  artifactKey: Guid(2ca41e2dca21e284680c2340d8213ce7) Importer(815301076,1909f56bfc062723c751e8b465ee728b)
Start importing Assets/AHProxy/PlanetShader/DemoScene/Textures/Saturn/4k_saturn.png using Guid(2ca41e2dca21e284680c2340d8213ce7) Importer(815301076,1909f56bfc062723c751e8b465ee728b)  -> (artifact id: '6584d99a4879c7c966cf20997db76011') in 0.010469 seconds
Number of updated asset objects reloaded before import = 0
Number of asset objects unloaded after import = 2
========================================================================
Received Import Request.
  Time since last request: 0.000175 seconds.
  path: Assets/AHProxy/PlanetShader/DemoScene/Textures/Saturn/2k_saturn_ring_alpha.png
  artifactKey: Guid(15ed8f382b5a3d442a0e42d26aaefa5a) Importer(815301076,1909f56bfc062723c751e8b465ee728b)
Start importing Assets/AHProxy/PlanetShader/DemoScene/Textures/Saturn/2k_saturn_ring_alpha.png using Guid(15ed8f382b5a3d442a0e42d26aaefa5a) Importer(815301076,1909f56bfc062723c751e8b465ee728b)  -> (artifact id: '02f023180fb6bb0f07ac577196e71cea') in 0.005402 seconds
Number of updated asset objects reloaded before import = 0
Number of asset objects unloaded after import = 2
========================================================================
Received Import Request.
  Time since last request: 0.000185 seconds.
  path: Assets/AHProxy/PlanetShader/DemoScene/Textures/Mars/4k_mars_normalmap.png
  artifactKey: Guid(848de9c1671565a4e8536be1e15eedee) Importer(815301076,1909f56bfc062723c751e8b465ee728b)
Start importing Assets/AHProxy/PlanetShader/DemoScene/Textures/Mars/4k_mars_normalmap.png using Guid(848de9c1671565a4e8536be1e15eedee) Importer(815301076,1909f56bfc062723c751e8b465ee728b)  -> (artifact id: '0faaea4a72786a31e7993dbf8e0b5c2a') in 0.017648 seconds
Number of updated asset objects reloaded before import = 0
Number of asset objects unloaded after import = 2
========================================================================
Received Import Request.
  Time since last request: 0.000079 seconds.
  path: Assets/AHProxy/PlanetShader/DemoScene/Textures/Skybox/DemoSceneSkybox_left.png
  artifactKey: Guid(e7c8040973efbea41a811483481ec773) Importer(815301076,1909f56bfc062723c751e8b465ee728b)
Start importing Assets/AHProxy/PlanetShader/DemoScene/Textures/Skybox/DemoSceneSkybox_left.png using Guid(e7c8040973efbea41a811483481ec773) Importer(815301076,1909f56bfc062723c751e8b465ee728b)  -> (artifact id: '4ff68f09de39317e30aa59a4f2626767') in 0.009640 seconds
Number of updated asset objects reloaded before import = 0
Number of asset objects unloaded after import = 2
========================================================================
Received Import Request.
  Time since last request: 0.000275 seconds.
  path: Assets/AHProxy/PlanetShader/DemoScene/Standard Assets/Effects/AntiAliasing/SMAA/Resources/SearchTex.tga
  artifactKey: Guid(387ed7c38eb63554db846987adb98e68) Importer(815301076,1909f56bfc062723c751e8b465ee728b)
Start importing Assets/AHProxy/PlanetShader/DemoScene/Standard Assets/Effects/AntiAliasing/SMAA/Resources/SearchTex.tga using Guid(387ed7c38eb63554db846987adb98e68) Importer(815301076,1909f56bfc062723c751e8b465ee728b)  -> (artifact id: '6dfbce294b2d269bbc3e696e3c6f1d40') in 0.009996 seconds
Number of updated asset objects reloaded before import = 0
Number of asset objects unloaded after import = 2
========================================================================
Received Import Request.
  Time since last request: 0.000170 seconds.
  path: Assets/AHProxy/PlanetShader/DemoScene/Textures/Mercury/4k_mercury_normalmap.png
  artifactKey: Guid(ffea62e73a92e234d9280a32e736db04) Importer(815301076,1909f56bfc062723c751e8b465ee728b)
Start importing Assets/AHProxy/PlanetShader/DemoScene/Textures/Mercury/4k_mercury_normalmap.png using Guid(ffea62e73a92e234d9280a32e736db04) Importer(815301076,1909f56bfc062723c751e8b465ee728b)  -> (artifact id: '75e15cbcb645f7d4dce78100d8e0e09f') in 0.008403 seconds
Number of updated asset objects reloaded before import = 0
Number of asset objects unloaded after import = 2
========================================================================
Received Import Request.
  Time since last request: 0.000326 seconds.
  path: Assets/AHProxy/PlanetShader/DemoScene/Textures/Earth/editedclouds.png
  artifactKey: Guid(dfc99b2b02795417bb690e4d9a9ed8ab) Importer(815301076,1909f56bfc062723c751e8b465ee728b)
Start importing Assets/AHProxy/PlanetShader/DemoScene/Textures/Earth/editedclouds.png using Guid(dfc99b2b02795417bb690e4d9a9ed8ab) Importer(815301076,1909f56bfc062723c751e8b465ee728b)  -> (artifact id: '7da9745ba934efdef8a2461482d90369') in 0.010979 seconds
Number of updated asset objects reloaded before import = 0
Number of asset objects unloaded after import = 2
========================================================================
Received Import Request.
  Time since last request: 0.000469 seconds.
  path: Assets/AHProxy/PlanetShader/DemoScene/Textures/Skybox/DemoSceneSkybox_back.png
  artifactKey: Guid(e6b8e5a0c91d095448c7e26d3d84cf00) Importer(815301076,1909f56bfc062723c751e8b465ee728b)
Start importing Assets/AHProxy/PlanetShader/DemoScene/Textures/Skybox/DemoSceneSkybox_back.png using Guid(e6b8e5a0c91d095448c7e26d3d84cf00) Importer(815301076,1909f56bfc062723c751e8b465ee728b)  -> (artifact id: 'e45e6fc23aa29fb749db30dbe3806583') in 0.009819 seconds
Number of updated asset objects reloaded before import = 0
Number of asset objects unloaded after import = 2
========================================================================
Received Import Request.
  Time since last request: 0.000394 seconds.
  path: Assets/AHProxy/PlanetShader/DemoScene/Standard Assets/Effects/ImageEffects/Textures/NoiseAndGrain.png
  artifactKey: Guid(7a632f967e8ad42f5bd275898151ab6a) Importer(815301076,1909f56bfc062723c751e8b465ee728b)
Start importing Assets/AHProxy/PlanetShader/DemoScene/Standard Assets/Effects/ImageEffects/Textures/NoiseAndGrain.png using Guid(7a632f967e8ad42f5bd275898151ab6a) Importer(815301076,1909f56bfc062723c751e8b465ee728b)  -> (artifact id: 'eccfc71708f45de47b22d70555295a40') in 0.005323 seconds
Number of updated asset objects reloaded before import = 0
Number of asset objects unloaded after import = 2
========================================================================
Received Import Request.
  Time since last request: 19.788508 seconds.
  path: Assets/AHProxy/PlanetShader/DemoScene/Textures/Earth/4k_earth_clouds 1.png
  artifactKey: Guid(e7f0f174293924775a8dbfd01dcc422e) Importer(815301076,1909f56bfc062723c751e8b465ee728b)
Start importing Assets/AHProxy/PlanetShader/DemoScene/Textures/Earth/4k_earth_clouds 1.png using Guid(e7f0f174293924775a8dbfd01dcc422e) Importer(815301076,1909f56bfc062723c751e8b465ee728b)  -> (artifact id: '100f5b33faac42f5e13c1479e463b922') in 0.047843 seconds
Number of updated asset objects reloaded before import = 0
Number of asset objects unloaded after import = 2
========================================================================
Received Import Request.
  Time since last request: 282.347174 seconds.
  path: Assets/AHProxy/PlanetShader/DemoScene/Textures/Earth/editedclouds.png
  artifactKey: Guid(dfc99b2b02795417bb690e4d9a9ed8ab) Importer(815301076,1909f56bfc062723c751e8b465ee728b)
Start importing Assets/AHProxy/PlanetShader/DemoScene/Textures/Earth/editedclouds.png using Guid(dfc99b2b02795417bb690e4d9a9ed8ab) Importer(815301076,1909f56bfc062723c751e8b465ee728b)  -> (artifact id: '6057e4dc6b77d863e226792bb59122a3') in 0.101873 seconds
Number of updated asset objects reloaded before import = 0
Number of asset objects unloaded after import = 2
========================================================================
Received Prepare
Begin MonoManager ReloadAssembly
Thread 0x28ef97000 may have been prematurely finalized
- Loaded All Assemblies, in  0.506 seconds
Refreshing native plugins compatible for Editor in 2.80 ms, found 2 plugins.
Native extension for WindowsStandalone target not found
Native extension for iOS target not found
Native extension for Android target not found
Native extension for OSXStandalone target not found
Native extension for WebGL target not found
Mono: successfully reloaded assembly
- Finished resetting the current domain, in  2.015 seconds
Domain Reload Profiling: 2522ms
	BeginReloadAssembly (154ms)
		ExecutionOrderSort (0ms)
		DisableScriptedObjects (6ms)
		BackupInstance (0ms)
		ReleaseScriptingObjects (0ms)
		CreateAndSetChildDomain (59ms)
	RebuildCommonClasses (40ms)
	RebuildNativeTypeToScriptingClass (14ms)
	initialDomainReloadingComplete (24ms)
	LoadAllAssembliesAndSetupDomain (274ms)
		LoadAssemblies (289ms)
		RebuildTransferFunctionScriptingTraits (0ms)
		AnalyzeDomain (43ms)
			TypeCache.Refresh (30ms)
				TypeCache.ScanAssembly (0ms)
			ScanForSourceGeneratedMonoScriptInfo (0ms)
			ResolveRequiredComponents (11ms)
	FinalizeReload (2016ms)
		ReleaseScriptCaches (0ms)
		RebuildScriptCaches (0ms)
		SetupLoadedEditorAssemblies (815ms)
			LogAssemblyErrors (0ms)
			InitializePlatformSupportModulesInManaged (77ms)
			SetLoadedEditorAssemblies (11ms)
			RefreshPlugins (0ms)
			BeforeProcessingInitializeOnLoad (124ms)
			ProcessInitializeOnLoadAttributes (561ms)
			ProcessInitializeOnLoadMethodAttributes (41ms)
			AfterProcessingInitializeOnLoad (2ms)
			EditorAssembliesLoaded (0ms)
		ExecutionOrderSort2 (0ms)
		AwakeInstancesAfterBackupRestoration (10ms)
Refreshing native plugins compatible for Editor in 2.68 ms, found 2 plugins.
Preloading 0 native plugins for Editor in 0.00 ms.
Unloading 3169 Unused Serialized files (Serialized files now loaded: 0)
Unloading 45 unused Assets / (1.1 MB). Loaded Objects now: 3653.
Memory consumption went from 146.6 MB to 145.5 MB.
Total: 8.976333 ms (FindLiveObjects: 0.286458 ms CreateObjectMapping: 0.133875 ms MarkObjects: 7.605042 ms  DeleteObjects: 0.950083 ms)

Prepare: number of updated asset objects reloaded= 0
AssetImportParameters requested are different than current active one (requested -> active):
  custom:container-demuxer-ogg: 62fdf1f143b41e24485cea50d1cbac27 -> 
  custom:video-decoder-ogg-theora: a1e56fd34408186e4bbccfd4996cb3dc -> 
  custom:CustomObjectIndexerAttribute: 9a22284fe3817be447336de3de66b15e -> 
  custom:container-demuxer-webm: 4f35f7cbe854078d1ac9338744f61a02 -> 
  custom:container-muxer-webm: aa71ff27fc2769a1b78a27578f13a17b -> 
  custom:video-decoder-webm-vp8: 9c59270c3fd7afecdb556c50c9e8de78 -> 
  custom:SearchIndexIgnoredProperties: e643bd26f0fe6173181afceb89e7c659 -> 
  custom:AudioImporter_EditorPlatform: 3918e3fc78b5a79bad01e8451be0beb8 -> 
  custom:framework-osx-AVFoundation: e770b220cccbd017edd2c1fefb359320 -> 
  custom:video-encoder-webm-vp8: eb34c28f22e8b96e1ab97ce403110664 -> 
  custom:audio-decoder-ogg-vorbis: bf7c407c2cedff20999df2af8eb42d56 -> 
  custom:audio-encoder-webm-vorbis: bf7c407c2cedff20999df2af8eb42d56 -> 
========================================================================
Received Prepare
Begin MonoManager ReloadAssembly
Thread 0x289787000 may have been prematurely finalized
- Loaded All Assemblies, in  0.618 seconds
Refreshing native plugins compatible for Editor in 4.44 ms, found 2 plugins.
Native extension for WindowsStandalone target not found
Native extension for iOS target not found
Native extension for Android target not found
Native extension for OSXStandalone target not found
Native extension for WebGL target not found
Mono: successfully reloaded assembly
- Finished resetting the current domain, in  1.461 seconds
Domain Reload Profiling: 2081ms
	BeginReloadAssembly (146ms)
		ExecutionOrderSort (0ms)
		DisableScriptedObjects (5ms)
		BackupInstance (0ms)
		ReleaseScriptingObjects (0ms)
		CreateAndSetChildDomain (56ms)
	RebuildCommonClasses (39ms)
	RebuildNativeTypeToScriptingClass (15ms)
	initialDomainReloadingComplete (60ms)
	LoadAllAssembliesAndSetupDomain (359ms)
		LoadAssemblies (369ms)
		RebuildTransferFunctionScriptingTraits (0ms)
		AnalyzeDomain (40ms)
			TypeCache.Refresh (24ms)
				TypeCache.ScanAssembly (0ms)
			ScanForSourceGeneratedMonoScriptInfo (0ms)
			ResolveRequiredComponents (15ms)
	FinalizeReload (1461ms)
		ReleaseScriptCaches (0ms)
		RebuildScriptCaches (0ms)
		SetupLoadedEditorAssemblies (392ms)
			LogAssemblyErrors (0ms)
			InitializePlatformSupportModulesInManaged (58ms)
			SetLoadedEditorAssemblies (7ms)
			RefreshPlugins (0ms)
			BeforeProcessingInitializeOnLoad (67ms)
			ProcessInitializeOnLoadAttributes (242ms)
			ProcessInitializeOnLoadMethodAttributes (17ms)
			AfterProcessingInitializeOnLoad (1ms)
			EditorAssembliesLoaded (0ms)
		ExecutionOrderSort2 (0ms)
		AwakeInstancesAfterBackupRestoration (3ms)
Refreshing native plugins compatible for Editor in 1.22 ms, found 2 plugins.
Preloading 0 native plugins for Editor in 0.00 ms.
Unloading 3170 Unused Serialized files (Serialized files now loaded: 0)
Unloading 45 unused Assets / (1.1 MB). Loaded Objects now: 3656.
Memory consumption went from 153.4 MB to 152.3 MB.
Total: 3.571291 ms (FindLiveObjects: 0.142000 ms CreateObjectMapping: 0.057750 ms MarkObjects: 2.866291 ms  DeleteObjects: 0.504584 ms)

Prepare: number of updated asset objects reloaded= 0
AssetImportParameters requested are different than current active one (requested -> active):
  custom:container-demuxer-ogg: 62fdf1f143b41e24485cea50d1cbac27 -> 
  custom:video-decoder-ogg-theora: a1e56fd34408186e4bbccfd4996cb3dc -> 
  custom:CustomObjectIndexerAttribute: 9a22284fe3817be447336de3de66b15e -> 
  custom:container-demuxer-webm: 4f35f7cbe854078d1ac9338744f61a02 -> 
  custom:container-muxer-webm: aa71ff27fc2769a1b78a27578f13a17b -> 
  custom:video-decoder-webm-vp8: 9c59270c3fd7afecdb556c50c9e8de78 -> 
  custom:SearchIndexIgnoredProperties: e643bd26f0fe6173181afceb89e7c659 -> 
  custom:AudioImporter_EditorPlatform: 3918e3fc78b5a79bad01e8451be0beb8 -> 
  custom:framework-osx-AVFoundation: e770b220cccbd017edd2c1fefb359320 -> 
  custom:video-encoder-webm-vp8: eb34c28f22e8b96e1ab97ce403110664 -> 
  custom:audio-decoder-ogg-vorbis: bf7c407c2cedff20999df2af8eb42d56 -> 
  custom:audio-encoder-webm-vorbis: bf7c407c2cedff20999df2af8eb42d56 -> 
========================================================================
Received Prepare
Begin MonoManager ReloadAssembly
Thread 0x28c293000 may have been prematurely finalized
- Loaded All Assemblies, in  0.492 seconds
Refreshing native plugins compatible for Editor in 2.20 ms, found 2 plugins.
Native extension for WindowsStandalone target not found
Native extension for iOS target not found
Native extension for Android target not found
Native extension for OSXStandalone target not found
Native extension for WebGL target not found
Mono: successfully reloaded assembly
- Finished resetting the current domain, in  1.261 seconds
Domain Reload Profiling: 1754ms
	BeginReloadAssembly (140ms)
		ExecutionOrderSort (0ms)
		DisableScriptedObjects (5ms)
		BackupInstance (0ms)
		ReleaseScriptingObjects (0ms)
		CreateAndSetChildDomain (52ms)
	RebuildCommonClasses (40ms)
	RebuildNativeTypeToScriptingClass (15ms)
	initialDomainReloadingComplete (29ms)
	LoadAllAssembliesAndSetupDomain (268ms)
		LoadAssemblies (291ms)
		RebuildTransferFunctionScriptingTraits (0ms)
		AnalyzeDomain (29ms)
			TypeCache.Refresh (19ms)
				TypeCache.ScanAssembly (0ms)
			ScanForSourceGeneratedMonoScriptInfo (0ms)
			ResolveRequiredComponents (9ms)
	FinalizeReload (1261ms)
		ReleaseScriptCaches (0ms)
		RebuildScriptCaches (0ms)
		SetupLoadedEditorAssemblies (614ms)
			LogAssemblyErrors (0ms)
			InitializePlatformSupportModulesInManaged (53ms)
			SetLoadedEditorAssemblies (8ms)
			RefreshPlugins (0ms)
			BeforeProcessingInitializeOnLoad (94ms)
			ProcessInitializeOnLoadAttributes (426ms)
			ProcessInitializeOnLoadMethodAttributes (30ms)
			AfterProcessingInitializeOnLoad (2ms)
			EditorAssembliesLoaded (0ms)
		ExecutionOrderSort2 (0ms)
		AwakeInstancesAfterBackupRestoration (6ms)
Refreshing native plugins compatible for Editor in 2.79 ms, found 2 plugins.
Preloading 0 native plugins for Editor in 0.00 ms.
Unloading 3170 Unused Serialized files (Serialized files now loaded: 0)
Unloading 45 unused Assets / (1.1 MB). Loaded Objects now: 3659.
Memory consumption went from 159.8 MB to 158.7 MB.
Total: 7.962875 ms (FindLiveObjects: 0.291375 ms CreateObjectMapping: 0.137833 ms MarkObjects: 6.534458 ms  DeleteObjects: 0.997750 ms)

Prepare: number of updated asset objects reloaded= 0
AssetImportParameters requested are different than current active one (requested -> active):
  custom:container-demuxer-ogg: 62fdf1f143b41e24485cea50d1cbac27 -> 
  custom:video-decoder-ogg-theora: a1e56fd34408186e4bbccfd4996cb3dc -> 
  custom:CustomObjectIndexerAttribute: 9a22284fe3817be447336de3de66b15e -> 
  custom:container-demuxer-webm: 4f35f7cbe854078d1ac9338744f61a02 -> 
  custom:container-muxer-webm: aa71ff27fc2769a1b78a27578f13a17b -> 
  custom:video-decoder-webm-vp8: 9c59270c3fd7afecdb556c50c9e8de78 -> 
  custom:SearchIndexIgnoredProperties: e643bd26f0fe6173181afceb89e7c659 -> 
  custom:AudioImporter_EditorPlatform: 3918e3fc78b5a79bad01e8451be0beb8 -> 
  custom:framework-osx-AVFoundation: e770b220cccbd017edd2c1fefb359320 -> 
  custom:video-encoder-webm-vp8: eb34c28f22e8b96e1ab97ce403110664 -> 
  custom:audio-decoder-ogg-vorbis: bf7c407c2cedff20999df2af8eb42d56 -> 
  custom:audio-encoder-webm-vorbis: bf7c407c2cedff20999df2af8eb42d56 -> 
========================================================================
Received Import Request.
  Time since last request: 107.744679 seconds.
  path: Assets/AHProxy/PlanetShader/DemoScene/Textures/Earth/editedclouds.png
  artifactKey: Guid(dfc99b2b02795417bb690e4d9a9ed8ab) Importer(815301076,1909f56bfc062723c751e8b465ee728b)
Start importing Assets/AHProxy/PlanetShader/DemoScene/Textures/Earth/editedclouds.png using Guid(dfc99b2b02795417bb690e4d9a9ed8ab) Importer(815301076,1909f56bfc062723c751e8b465ee728b)  -> (artifact id: '8d067c008723c433889b8c3537ac51d0') in 0.095325 seconds
Number of updated asset objects reloaded before import = 0
Number of asset objects unloaded after import = 2
========================================================================
Received Prepare
Begin MonoManager ReloadAssembly
Thread 0x2895ab000 may have been prematurely finalized
- Loaded All Assemblies, in  0.626 seconds
Refreshing native plugins compatible for Editor in 3.26 ms, found 2 plugins.
Native extension for WindowsStandalone target not found
Native extension for iOS target not found
Native extension for Android target not found
Native extension for OSXStandalone target not found
Native extension for WebGL target not found
Mono: successfully reloaded assembly
- Finished resetting the current domain, in  1.620 seconds
Domain Reload Profiling: 2247ms
	BeginReloadAssembly (171ms)
		ExecutionOrderSort (0ms)
		DisableScriptedObjects (8ms)
		BackupInstance (0ms)
		ReleaseScriptingObjects (0ms)
		CreateAndSetChildDomain (68ms)
	RebuildCommonClasses (47ms)
	RebuildNativeTypeToScriptingClass (18ms)
	initialDomainReloadingComplete (48ms)
	LoadAllAssembliesAndSetupDomain (342ms)
		LoadAssemblies (374ms)
		RebuildTransferFunctionScriptingTraits (0ms)
		AnalyzeDomain (28ms)
			TypeCache.Refresh (17ms)
				TypeCache.ScanAssembly (0ms)
			ScanForSourceGeneratedMonoScriptInfo (0ms)
			ResolveRequiredComponents (9ms)
	FinalizeReload (1621ms)
		ReleaseScriptCaches (0ms)
		RebuildScriptCaches (0ms)
		SetupLoadedEditorAssemblies (711ms)
			LogAssemblyErrors (0ms)
			InitializePlatformSupportModulesInManaged (61ms)
			SetLoadedEditorAssemblies (9ms)
			RefreshPlugins (0ms)
			BeforeProcessingInitializeOnLoad (114ms)
			ProcessInitializeOnLoadAttributes (495ms)
			ProcessInitializeOnLoadMethodAttributes (30ms)
			AfterProcessingInitializeOnLoad (2ms)
			EditorAssembliesLoaded (0ms)
		ExecutionOrderSort2 (0ms)
		AwakeInstancesAfterBackupRestoration (6ms)
Refreshing native plugins compatible for Editor in 2.30 ms, found 2 plugins.
Preloading 0 native plugins for Editor in 0.00 ms.
Unloading 3169 Unused Serialized files (Serialized files now loaded: 0)
Unloading 45 unused Assets / (1.2 MB). Loaded Objects now: 3662.
Memory consumption went from 166.5 MB to 165.3 MB.
Total: 6.269334 ms (FindLiveObjects: 0.257792 ms CreateObjectMapping: 0.109708 ms MarkObjects: 5.058333 ms  DeleteObjects: 0.842750 ms)

Prepare: number of updated asset objects reloaded= 0
AssetImportParameters requested are different than current active one (requested -> active):
  custom:container-demuxer-ogg: 62fdf1f143b41e24485cea50d1cbac27 -> 
  custom:video-decoder-ogg-theora: a1e56fd34408186e4bbccfd4996cb3dc -> 
  custom:CustomObjectIndexerAttribute: 9a22284fe3817be447336de3de66b15e -> 
  custom:container-demuxer-webm: 4f35f7cbe854078d1ac9338744f61a02 -> 
  custom:container-muxer-webm: aa71ff27fc2769a1b78a27578f13a17b -> 
  custom:video-decoder-webm-vp8: 9c59270c3fd7afecdb556c50c9e8de78 -> 
  custom:SearchIndexIgnoredProperties: e643bd26f0fe6173181afceb89e7c659 -> 
  custom:AudioImporter_EditorPlatform: 3918e3fc78b5a79bad01e8451be0beb8 -> 
  custom:framework-osx-AVFoundation: e770b220cccbd017edd2c1fefb359320 -> 
  custom:video-encoder-webm-vp8: eb34c28f22e8b96e1ab97ce403110664 -> 
  custom:audio-decoder-ogg-vorbis: bf7c407c2cedff20999df2af8eb42d56 -> 
  custom:audio-encoder-webm-vorbis: bf7c407c2cedff20999df2af8eb42d56 -> 
========================================================================
Received Prepare
Begin MonoManager ReloadAssembly
Thread 0x289587000 may have been prematurely finalized
- Loaded All Assemblies, in  0.510 seconds
Refreshing native plugins compatible for Editor in 2.76 ms, found 2 plugins.
Native extension for WindowsStandalone target not found
Native extension for iOS target not found
Native extension for Android target not found
Native extension for OSXStandalone target not found
Native extension for WebGL target not found
Mono: successfully reloaded assembly
- Finished resetting the current domain, in  1.591 seconds
Domain Reload Profiling: 2103ms
	BeginReloadAssembly (150ms)
		ExecutionOrderSort (0ms)
		DisableScriptedObjects (5ms)
		BackupInstance (0ms)
		ReleaseScriptingObjects (0ms)
		CreateAndSetChildDomain (63ms)
	RebuildCommonClasses (40ms)
	RebuildNativeTypeToScriptingClass (14ms)
	initialDomainReloadingComplete (32ms)
	LoadAllAssembliesAndSetupDomain (274ms)
		LoadAssemblies (283ms)
		RebuildTransferFunctionScriptingTraits (0ms)
		AnalyzeDomain (42ms)
			TypeCache.Refresh (30ms)
				TypeCache.ScanAssembly (0ms)
			ScanForSourceGeneratedMonoScriptInfo (0ms)
			ResolveRequiredComponents (11ms)
	FinalizeReload (1592ms)
		ReleaseScriptCaches (0ms)
		RebuildScriptCaches (0ms)
		SetupLoadedEditorAssemblies (810ms)
			LogAssemblyErrors (0ms)
			InitializePlatformSupportModulesInManaged (73ms)
			SetLoadedEditorAssemblies (11ms)
			RefreshPlugins (0ms)
			BeforeProcessingInitializeOnLoad (126ms)
			ProcessInitializeOnLoadAttributes (560ms)
			ProcessInitializeOnLoadMethodAttributes (39ms)
			AfterProcessingInitializeOnLoad (2ms)
			EditorAssembliesLoaded (0ms)
		ExecutionOrderSort2 (0ms)
		AwakeInstancesAfterBackupRestoration (8ms)
Refreshing native plugins compatible for Editor in 3.58 ms, found 2 plugins.
Preloading 0 native plugins for Editor in 0.00 ms.
Unloading 3170 Unused Serialized files (Serialized files now loaded: 0)
Unloading 45 unused Assets / (1.1 MB). Loaded Objects now: 3665.
Memory consumption went from 173.3 MB to 172.1 MB.
Total: 8.741416 ms (FindLiveObjects: 0.283542 ms CreateObjectMapping: 0.135125 ms MarkObjects: 7.319083 ms  DeleteObjects: 1.002167 ms)

Prepare: number of updated asset objects reloaded= 0
AssetImportParameters requested are different than current active one (requested -> active):
  custom:container-demuxer-ogg: 62fdf1f143b41e24485cea50d1cbac27 -> 
  custom:video-decoder-ogg-theora: a1e56fd34408186e4bbccfd4996cb3dc -> 
  custom:CustomObjectIndexerAttribute: 9a22284fe3817be447336de3de66b15e -> 
  custom:container-demuxer-webm: 4f35f7cbe854078d1ac9338744f61a02 -> 
  custom:container-muxer-webm: aa71ff27fc2769a1b78a27578f13a17b -> 
  custom:video-decoder-webm-vp8: 9c59270c3fd7afecdb556c50c9e8de78 -> 
  custom:SearchIndexIgnoredProperties: e643bd26f0fe6173181afceb89e7c659 -> 
  custom:AudioImporter_EditorPlatform: 3918e3fc78b5a79bad01e8451be0beb8 -> 
  custom:framework-osx-AVFoundation: e770b220cccbd017edd2c1fefb359320 -> 
  custom:video-encoder-webm-vp8: eb34c28f22e8b96e1ab97ce403110664 -> 
  custom:audio-decoder-ogg-vorbis: bf7c407c2cedff20999df2af8eb42d56 -> 
  custom:audio-encoder-webm-vorbis: bf7c407c2cedff20999df2af8eb42d56 -> 
========================================================================
Received Import Request.
  Time since last request: 225.567041 seconds.
  path: Assets/AHProxy/PlanetShader/DemoScene/Textures/Earth/editedclouds 2.png
  artifactKey: Guid(cfacb385e740b42b5a667b4e9897e2e4) Importer(815301076,1909f56bfc062723c751e8b465ee728b)
Start importing Assets/AHProxy/PlanetShader/DemoScene/Textures/Earth/editedclouds 2.png using Guid(cfacb385e740b42b5a667b4e9897e2e4) Importer(815301076,1909f56bfc062723c751e8b465ee728b)  -> (artifact id: '2a28806452cddce14d0e1bb2f69445a4') in 0.090153 seconds
Number of updated asset objects reloaded before import = 0
Number of asset objects unloaded after import = 2
========================================================================
Received Prepare
Begin MonoManager ReloadAssembly
Thread 0x289587000 may have been prematurely finalized
- Loaded All Assemblies, in  0.594 seconds
Refreshing native plugins compatible for Editor in 3.05 ms, found 2 plugins.
Native extension for WindowsStandalone target not found
Native extension for iOS target not found
Native extension for Android target not found
Native extension for OSXStandalone target not found
Native extension for WebGL target not found
Mono: successfully reloaded assembly
- Finished resetting the current domain, in  1.954 seconds
Domain Reload Profiling: 2550ms
	BeginReloadAssembly (188ms)
		ExecutionOrderSort (0ms)
		DisableScriptedObjects (7ms)
		BackupInstance (0ms)
		ReleaseScriptingObjects (0ms)
		CreateAndSetChildDomain (68ms)
	RebuildCommonClasses (47ms)
	RebuildNativeTypeToScriptingClass (22ms)
	initialDomainReloadingComplete (72ms)
	LoadAllAssembliesAndSetupDomain (267ms)
		LoadAssemblies (304ms)
		RebuildTransferFunctionScriptingTraits (0ms)
		AnalyzeDomain (28ms)
			TypeCache.Refresh (17ms)
				TypeCache.ScanAssembly (0ms)
			ScanForSourceGeneratedMonoScriptInfo (0ms)
			ResolveRequiredComponents (10ms)
	FinalizeReload (1955ms)
		ReleaseScriptCaches (0ms)
		RebuildScriptCaches (0ms)
		SetupLoadedEditorAssemblies (817ms)
			LogAssemblyErrors (0ms)
			InitializePlatformSupportModulesInManaged (81ms)
			SetLoadedEditorAssemblies (11ms)
			RefreshPlugins (0ms)
			BeforeProcessingInitializeOnLoad (123ms)
			ProcessInitializeOnLoadAttributes (560ms)
			ProcessInitializeOnLoadMethodAttributes (39ms)
			AfterProcessingInitializeOnLoad (2ms)
			EditorAssembliesLoaded (0ms)
		ExecutionOrderSort2 (0ms)
		AwakeInstancesAfterBackupRestoration (8ms)
Refreshing native plugins compatible for Editor in 1.15 ms, found 2 plugins.
Preloading 0 native plugins for Editor in 0.00 ms.
Unloading 3169 Unused Serialized files (Serialized files now loaded: 0)
Unloading 45 unused Assets / (1.1 MB). Loaded Objects now: 3668.
Memory consumption went from 179.8 MB to 178.6 MB.
Total: 4.917417 ms (FindLiveObjects: 0.178542 ms CreateObjectMapping: 0.058292 ms MarkObjects: 4.103875 ms  DeleteObjects: 0.573750 ms)

Prepare: number of updated asset objects reloaded= 0
AssetImportParameters requested are different than current active one (requested -> active):
  custom:container-demuxer-ogg: 62fdf1f143b41e24485cea50d1cbac27 -> 
  custom:video-decoder-ogg-theora: a1e56fd34408186e4bbccfd4996cb3dc -> 
  custom:CustomObjectIndexerAttribute: 9a22284fe3817be447336de3de66b15e -> 
  custom:container-demuxer-webm: 4f35f7cbe854078d1ac9338744f61a02 -> 
  custom:container-muxer-webm: aa71ff27fc2769a1b78a27578f13a17b -> 
  custom:video-decoder-webm-vp8: 9c59270c3fd7afecdb556c50c9e8de78 -> 
  custom:SearchIndexIgnoredProperties: e643bd26f0fe6173181afceb89e7c659 -> 
  custom:AudioImporter_EditorPlatform: 3918e3fc78b5a79bad01e8451be0beb8 -> 
  custom:framework-osx-AVFoundation: e770b220cccbd017edd2c1fefb359320 -> 
  custom:video-encoder-webm-vp8: eb34c28f22e8b96e1ab97ce403110664 -> 
  custom:audio-decoder-ogg-vorbis: bf7c407c2cedff20999df2af8eb42d56 -> 
  custom:audio-encoder-webm-vorbis: bf7c407c2cedff20999df2af8eb42d56 -> 
========================================================================
Received Import Request.
  Time since last request: 41.644145 seconds.
  path: Assets/AHProxy/PlanetShader/DemoScene/Textures/Earth/editedclouds 3.png
  artifactKey: Guid(eee5367a6fd3b4dd1822b68512ce97c1) Importer(815301076,1909f56bfc062723c751e8b465ee728b)
Start importing Assets/AHProxy/PlanetShader/DemoScene/Textures/Earth/editedclouds 3.png using Guid(eee5367a6fd3b4dd1822b68512ce97c1) Importer(815301076,1909f56bfc062723c751e8b465ee728b)  -> (artifact id: '0e13bfcf91dd016cafe5e0bf264e1521') in 0.096374 seconds
Number of updated asset objects reloaded before import = 0
Number of asset objects unloaded after import = 2
